<?xml version="1.0" encoding="UTF-8"?>
<testsuite xmlns:xsi="http://www.w3.org/2001/XMLSchema-instance" xsi:noNamespaceSchemaLocation="https://maven.apache.org/surefire/maven-surefire-plugin/xsd/surefire-test-report-3.0.xsd" version="3.0" name="com.nhnacademy.hello.HelloApplicationTests" time="1.255" tests="1" errors="0" skipped="0" failures="0">
  <properties>
[...]
</properties>
  <testcase name="contextLoads" classname="com.nhnacademy.hello.HelloApplicationTests" time="0.154">
    <system-out><![CDATA[14:18:07.421 [main] DEBUG org.springframework.test.context.BootstrapUtils - Instantiating CacheAwareContextLoaderDelegate from class [org.springframework.test.context.cache.DefaultCacheAwareContextLoaderDelegate]
14:18:07.427 [main] DEBUG org.springframework.test.context.BootstrapUtils - Instantiating BootstrapContext using constructor [public org.springframework.test.context.support.DefaultBootstrapContext(java.lang.Class,org.springframework.test.context.CacheAwareContextLoaderDelegate)]
14:18:07.455 [main] DEBUG org.springframework.test.context.BootstrapUtils - Instantiating TestContextBootstrapper for test class [com.nhnacademy.hello.HelloApplicationTests] from class [org.springframework.boot.test.context.SpringBootTestContextBootstrapper]
14:18:07.461 [main] INFO org.springframework.boot.test.context.SpringBootTestContextBootstrapper - Neither @ContextConfiguration nor @ContextHierarchy found for test class [com.nhnacademy.hello.HelloApplicationTests], using SpringBootContextLoader
14:18:07.464 [main] DEBUG org.springframework.test.context.support.AbstractContextLoader - Did not detect default resource location for test class [com.nhnacademy.hello.HelloApplicationTests]: class path resource [com/nhnacademy/hello/HelloApplicationTests-context.xml] does not exist
14:18:07.464 [main] DEBUG org.springframework.test.context.support.AbstractContextLoader - Did not detect default resource location for test class [com.nhnacademy.hello.HelloApplicationTests]: class path resource [com/nhnacademy/hello/HelloApplicationTestsContext.groovy] does not exist
14:18:07.464 [main] INFO org.springframework.test.context.support.AbstractContextLoader - Could not detect default resource locations for test class [com.nhnacademy.hello.HelloApplicationTests]: no resource found for suffixes {-context.xml, Context.groovy}.
14:18:07.465 [main] INFO org.springframework.test.context.support.AnnotationConfigContextLoaderUtils - Could not detect default configuration classes for test class [com.nhnacademy.hello.HelloApplicationTests]: HelloApplicationTests does not declare any static, non-private, non-final, nested classes annotated with @Configuration.
14:18:07.483 [main] DEBUG org.springframework.test.context.support.ActiveProfilesUtils - Could not find an 'annotation declaring class' for annotation type [org.springframework.test.context.ActiveProfiles] and class [com.nhnacademy.hello.HelloApplicationTests]
14:18:07.520 [main] DEBUG org.springframework.context.annotation.ClassPathScanningCandidateComponentProvider - Identified candidate component class: file [/Users/administrator/Documents/nhn/3runner/test/target/classes/com/nhnacademy/hello/HelloApplication.class]
14:18:07.520 [main] INFO org.springframework.boot.test.context.SpringBootTestContextBootstrapper - Found @SpringBootConfiguration com.nhnacademy.hello.HelloApplication for test class com.nhnacademy.hello.HelloApplicationTests
14:18:07.578 [main] DEBUG org.springframework.boot.test.context.SpringBootTestContextBootstrapper - @TestExecutionListeners is not present for class [com.nhnacademy.hello.HelloApplicationTests]: using defaults.
14:18:07.578 [main] INFO org.springframework.boot.test.context.SpringBootTestContextBootstrapper - Loaded default TestExecutionListener class names from location [META-INF/spring.factories]: [org.springframework.boot.test.mock.mockito.MockitoTestExecutionListener, org.springframework.boot.test.mock.mockito.ResetMocksTestExecutionListener, org.springframework.boot.test.autoconfigure.restdocs.RestDocsTestExecutionListener, org.springframework.boot.test.autoconfigure.web.client.MockRestServiceServerResetTestExecutionListener, org.springframework.boot.test.autoconfigure.web.servlet.MockMvcPrintOnlyOnFailureTestExecutionListener, org.springframework.boot.test.autoconfigure.web.servlet.WebDriverTestExecutionListener, org.springframework.boot.test.autoconfigure.webservices.client.MockWebServiceServerTestExecutionListener, org.springframework.test.context.web.ServletTestExecutionListener, org.springframework.test.context.support.DirtiesContextBeforeModesTestExecutionListener, org.springframework.test.context.event.ApplicationEventsTestExecutionListener, org.springframework.test.context.support.DependencyInjectionTestExecutionListener, org.springframework.test.context.support.DirtiesContextTestExecutionListener, org.springframework.test.context.transaction.TransactionalTestExecutionListener, org.springframework.test.context.jdbc.SqlScriptsTestExecutionListener, org.springframework.test.context.event.EventPublishingTestExecutionListener]
14:18:07.585 [main] DEBUG org.springframework.boot.test.context.SpringBootTestContextBootstrapper - Skipping candidate TestExecutionListener [org.springframework.test.context.transaction.TransactionalTestExecutionListener] due to a missing dependency. Specify custom listener classes or make the default listener classes and their required dependencies available. Offending class: [org/springframework/transaction/interceptor/TransactionAttributeSource]
14:18:07.585 [main] DEBUG org.springframework.boot.test.context.SpringBootTestContextBootstrapper - Skipping candidate TestExecutionListener [org.springframework.test.context.jdbc.SqlScriptsTestExecutionListener] due to a missing dependency. Specify custom listener classes or make the default listener classes and their required dependencies available. Offending class: [org/springframework/transaction/interceptor/TransactionAttribute]
14:18:07.585 [main] INFO org.springframework.boot.test.context.SpringBootTestContextBootstrapper - Using TestExecutionListeners: [org.springframework.test.context.web.ServletTestExecutionListener@6cf0a747, org.springframework.test.context.support.DirtiesContextBeforeModesTestExecutionListener@21505815, org.springframework.test.context.event.ApplicationEventsTestExecutionListener@7e53339, org.springframework.boot.test.mock.mockito.MockitoTestExecutionListener@58fef7f7, org.springframework.boot.test.autoconfigure.SpringBootDependencyInjectionTestExecutionListener@31ddb930, org.springframework.test.context.support.DirtiesContextTestExecutionListener@12eedfee, org.springframework.test.context.event.EventPublishingTestExecutionListener@3c3c4a71, org.springframework.boot.test.mock.mockito.ResetMocksTestExecutionListener@1352434e, org.springframework.boot.test.autoconfigure.restdocs.RestDocsTestExecutionListener@4f9a6c2d, org.springframework.boot.test.autoconfigure.web.client.MockRestServiceServerResetTestExecutionListener@2b6fcb9f, org.springframework.boot.test.autoconfigure.web.servlet.MockMvcPrintOnlyOnFailureTestExecutionListener@75de6341, org.springframework.boot.test.autoconfigure.web.servlet.WebDriverTestExecutionListener@74170687, org.springframework.boot.test.autoconfigure.webservices.client.MockWebServiceServerTestExecutionListener@68f0f72c]
14:18:07.588 [main] DEBUG org.springframework.test.context.support.AbstractDirtiesContextTestExecutionListener - Before test class: context [DefaultTestContext@2a4f5433 testClass = HelloApplicationTests, testInstance = [null], testMethod = [null], testException = [null], mergedContextConfiguration = [WebMergedContextConfiguration@6812fa3a testClass = HelloApplicationTests, locations = '{}', classes = '{class com.nhnacademy.hello.HelloApplication}', contextInitializerClasses = '[]', activeProfiles = '{}', propertySourceLocations = '{}', propertySourceProperties = '{org.springframework.boot.test.context.SpringBootTestContextBootstrapper=true}', contextCustomizers = set[org.springframework.boot.test.context.filter.ExcludeFilterContextCustomizer@ff6077, org.springframework.boot.test.json.DuplicateJsonObjectContextCustomizerFactory$DuplicateJsonObjectContextCustomizer@10ec523c, org.springframework.boot.test.mock.mockito.MockitoContextCustomizer@0, org.springframework.boot.test.web.client.TestRestTemplateContextCustomizer@777c350f, org.springframework.boot.test.autoconfigure.actuate.metrics.MetricsExportContextCustomizerFactory$DisableMetricExportContextCustomizer@5467eea4, org.springframework.boot.test.autoconfigure.properties.PropertyMappingContextCustomizer@0, org.springframework.boot.test.autoconfigure.web.servlet.WebDriverContextCustomizerFactory$Customizer@71391b3f, org.springframework.boot.test.context.SpringBootTestArgs@1, org.springframework.boot.test.context.SpringBootTestWebEnvironment@327bcebd], resourceBasePath = 'src/main/webapp', contextLoader = 'org.springframework.boot.test.context.SpringBootContextLoader', parent = [null]], attributes = map['org.springframework.test.context.web.ServletTestExecutionListener.activateListener' -> true]], class annotated with @DirtiesContext [false] with mode [null].

  .   ____          _            __ _ _
 /\\ / ___'_ __ _ _(_)_ __  __ _ \ \ \ \
( ( )\___ | '_ | '_| | '_ \/ _` | \ \ \ \
 \\/  ___)| |_)| | | | | || (_| |  ) ) ) )
  '  |____| .__|_| |_|_| |_\__, | / / / /
 =========|_|==============|___/=/_/_/_/
 :: Spring Boot ::               (v2.7.14)

2024-06-13 14:18:07.731  INFO 3710 --- [           main] c.n.hello.HelloApplicationTests          : Starting HelloApplicationTests using Java 21.0.2 on administrators-Laptop.local with PID 3710 (started by administrator in /Users/administrator/Documents/nhn/3runner/test)
2024-06-13 14:18:07.732  INFO 3710 --- [           main] c.n.hello.HelloApplicationTests          : No active profile set, falling back to 1 default profile: "default"
2024-06-13 14:18:08.447  INFO 3710 --- [           main] c.n.hello.HelloApplicationTests          : Started HelloApplicationTests in 0.84 seconds (JVM running for 6.59)
]]></system-out>
  </testcase>
</testsuite>